[debug] [2024-05-13T06:25:12.586Z] ----------------------------------------------------------------------
[debug] [2024-05-13T06:25:12.588Z] Command:       /usr/local/bin/node /Users/kipyegondenis/.npm-global/bin/firebase init
[debug] [2024-05-13T06:25:12.589Z] CLI Version:   13.8.3
[debug] [2024-05-13T06:25:12.589Z] Platform:      darwin
[debug] [2024-05-13T06:25:12.589Z] Node Version:  v20.12.0
[debug] [2024-05-13T06:25:12.589Z] Time:          Mon May 13 2024 09:25:12 GMT+0300 (East Africa Time)
[debug] [2024-05-13T06:25:12.589Z] ----------------------------------------------------------------------
[debug] 
[debug] [2024-05-13T06:25:12.595Z] > command requires scopes: ["email","openid","https://www.googleapis.com/auth/cloudplatformprojects.readonly","https://www.googleapis.com/auth/firebase","https://www.googleapis.com/auth/cloud-platform"]
[debug] [2024-05-13T06:25:12.595Z] > authorizing via signed-in user (denisdelaki@gmail.com)
[info] 
     ######## #### ########  ######## ########     ###     ######  ########
     ##        ##  ##     ## ##       ##     ##  ##   ##  ##       ##
     ######    ##  ########  ######   ########  #########  ######  ######
     ##        ##  ##    ##  ##       ##     ## ##     ##       ## ##
     ##       #### ##     ## ######## ########  ##     ##  ######  ########

You're about to initialize a Firebase project in this directory:

  /Users/kipyegondenis/Documents/PersonalProjects/RecipeSharingApp/src/app

[info] 
=== Project Setup
[info] 
[info] First, let's associate this project directory with a Firebase project.
[info] You can create multiple project aliases by running firebase use --add, 
[info] but for now we'll just set up a default project.
[info] 
[debug] [2024-05-13T06:26:31.233Z] > refreshing access token with scopes: []
[debug] [2024-05-13T06:26:31.235Z] >>> [apiv2][query] POST https://www.googleapis.com/oauth2/v3/token [none]
[debug] [2024-05-13T06:26:31.235Z] >>> [apiv2][body] POST https://www.googleapis.com/oauth2/v3/token [omitted]
[debug] [2024-05-13T06:26:47.647Z] <<< [apiv2][status] POST https://www.googleapis.com/oauth2/v3/token 200
[debug] [2024-05-13T06:26:47.647Z] <<< [apiv2][body] POST https://www.googleapis.com/oauth2/v3/token [omitted]
[debug] [2024-05-13T06:26:47.694Z] >>> [apiv2][query] GET https://firebase.googleapis.com/v1beta1/projects pageSize=100
[debug] [2024-05-13T06:26:53.148Z] <<< [apiv2][status] GET https://firebase.googleapis.com/v1beta1/projects 200
[debug] [2024-05-13T06:26:53.148Z] <<< [apiv2][body] GET https://firebase.googleapis.com/v1beta1/projects [omitted]
[info] i  Using project recipeshare-ca9a3 (recipeshare) 
[info] 
=== Database Setup
[info] i  database: ensuring required API firebasedatabase.googleapis.com is enabled... 
[debug] [2024-05-13T06:26:53.186Z] >>> [apiv2][query] GET https://serviceusage.googleapis.com/v1/projects/recipeshare-ca9a3/services/firebasedatabase.googleapis.com [none]
[debug] [2024-05-13T06:26:53.186Z] >>> [apiv2][(partial)header] GET https://serviceusage.googleapis.com/v1/projects/recipeshare-ca9a3/services/firebasedatabase.googleapis.com x-goog-quota-user=projects/recipeshare-ca9a3
[debug] [2024-05-13T06:27:00.333Z] <<< [apiv2][status] GET https://serviceusage.googleapis.com/v1/projects/recipeshare-ca9a3/services/firebasedatabase.googleapis.com 200
[debug] [2024-05-13T06:27:00.333Z] <<< [apiv2][body] GET https://serviceusage.googleapis.com/v1/projects/recipeshare-ca9a3/services/firebasedatabase.googleapis.com [omitted]
[warn] ⚠  database: missing required API firebasedatabase.googleapis.com. Enabling now... 
[debug] [2024-05-13T06:27:00.334Z] >>> [apiv2][query] POST https://serviceusage.googleapis.com/v1/projects/recipeshare-ca9a3/services/firebasedatabase.googleapis.com:enable [none]
[debug] [2024-05-13T06:27:00.334Z] >>> [apiv2][(partial)header] POST https://serviceusage.googleapis.com/v1/projects/recipeshare-ca9a3/services/firebasedatabase.googleapis.com:enable x-goog-quota-user=projects/recipeshare-ca9a3
[debug] [2024-05-13T06:27:01.677Z] <<< [apiv2][status] POST https://serviceusage.googleapis.com/v1/projects/recipeshare-ca9a3/services/firebasedatabase.googleapis.com:enable 200
[debug] [2024-05-13T06:27:01.677Z] <<< [apiv2][body] POST https://serviceusage.googleapis.com/v1/projects/recipeshare-ca9a3/services/firebasedatabase.googleapis.com:enable [omitted]
[debug] [2024-05-13T06:27:11.679Z] >>> [apiv2][query] GET https://serviceusage.googleapis.com/v1/projects/recipeshare-ca9a3/services/firebasedatabase.googleapis.com [none]
[debug] [2024-05-13T06:27:11.680Z] >>> [apiv2][(partial)header] GET https://serviceusage.googleapis.com/v1/projects/recipeshare-ca9a3/services/firebasedatabase.googleapis.com x-goog-quota-user=projects/recipeshare-ca9a3
[debug] [2024-05-13T06:27:17.620Z] <<< [apiv2][status] GET https://serviceusage.googleapis.com/v1/projects/recipeshare-ca9a3/services/firebasedatabase.googleapis.com 200
[debug] [2024-05-13T06:27:17.620Z] <<< [apiv2][body] GET https://serviceusage.googleapis.com/v1/projects/recipeshare-ca9a3/services/firebasedatabase.googleapis.com [omitted]
[info] ✔  database: required API firebasedatabase.googleapis.com is enabled 
[info] 
[debug] [2024-05-13T06:27:17.624Z] >>> [apiv2][query] GET https://firebase.googleapis.com/v1beta1/projects/recipeshare-ca9a3 [none]
[debug] [2024-05-13T06:27:21.915Z] <<< [apiv2][status] GET https://firebase.googleapis.com/v1beta1/projects/recipeshare-ca9a3 200
[debug] [2024-05-13T06:27:21.916Z] <<< [apiv2][body] GET https://firebase.googleapis.com/v1beta1/projects/recipeshare-ca9a3 {"projectId":"recipeshare-ca9a3","projectNumber":"854818266027","displayName":"recipeshare","name":"projects/recipeshare-ca9a3","resources":{"hostingSite":"recipeshare-ca9a3"},"state":"ACTIVE","etag":"1_e8d13be4-ebbc-4e6f-b7db-d76e457c38c9"}
[debug] [2024-05-13T06:27:34.261Z] >>> [apiv2][query] POST https://firebasedatabase.googleapis.com/v1beta/projects/recipeshare-ca9a3/locations/us-central1/instances databaseId=recipeshare-ca9a3-default-rtdb&validateOnly=true
[debug] [2024-05-13T06:27:34.261Z] >>> [apiv2][body] POST https://firebasedatabase.googleapis.com/v1beta/projects/recipeshare-ca9a3/locations/us-central1/instances {"type":"default_database"}
[debug] [2024-05-13T06:27:40.169Z] <<< [apiv2][status] POST https://firebasedatabase.googleapis.com/v1beta/projects/recipeshare-ca9a3/locations/us-central1/instances 200
[debug] [2024-05-13T06:27:40.170Z] <<< [apiv2][body] POST https://firebasedatabase.googleapis.com/v1beta/projects/recipeshare-ca9a3/locations/us-central1/instances {"name":"projects/854818266027/locations/us-central1/instances/recipeshare-ca9a3-default-rtdb","project":"projects/854818266027","databaseUrl":"https://recipeshare-ca9a3-default-rtdb.firebaseio.com","type":"DEFAULT_DATABASE","state":"ACTIVE"}
[debug] [2024-05-13T06:27:40.171Z] >>> [apiv2][query] POST https://firebasedatabase.googleapis.com/v1beta/projects/recipeshare-ca9a3/locations/us-central1/instances databaseId=recipeshare-ca9a3-default-rtdb
[debug] [2024-05-13T06:27:40.171Z] >>> [apiv2][body] POST https://firebasedatabase.googleapis.com/v1beta/projects/recipeshare-ca9a3/locations/us-central1/instances {"type":"default_database"}
[debug] [2024-05-13T06:27:41.024Z] <<< [apiv2][status] POST https://firebasedatabase.googleapis.com/v1beta/projects/recipeshare-ca9a3/locations/us-central1/instances 200
[debug] [2024-05-13T06:27:41.025Z] <<< [apiv2][body] POST https://firebasedatabase.googleapis.com/v1beta/projects/recipeshare-ca9a3/locations/us-central1/instances {"name":"projects/854818266027/locations/us-central1/instances/recipeshare-ca9a3-default-rtdb","project":"projects/854818266027","databaseUrl":"https://recipeshare-ca9a3-default-rtdb.firebaseio.com","type":"DEFAULT_DATABASE","state":"ACTIVE"}
[info] 
[info] Firebase Realtime Database Security Rules allow you to define how your data should be
[info] structured and when your data can be read from and written to.
[info] 
[debug] [2024-05-13T06:27:55.930Z] >>> [apiv2][query] GET https://recipeshare-ca9a3-default-rtdb.firebaseio.com/.settings/rules.json [none]
[debug] [2024-05-13T06:28:25.936Z] *** [apiv2] error from fetch(https://recipeshare-ca9a3-default-rtdb.firebaseio.com/.settings/rules.json, {"headers":{},"method":"GET"}): FetchError: request to https://recipeshare-ca9a3-default-rtdb.firebaseio.com/.settings/rules.json failed, reason: getaddrinfo ENOTFOUND recipeshare-ca9a3-default-rtdb.firebaseio.com
[debug] [2024-05-13T06:28:30.942Z] Error: Timed out.
    at Timeout._onTimeout (/Users/kipyegondenis/.npm-global/lib/node_modules/firebase-tools/lib/utils.js:267:49)
    at listOnTimeout (node:internal/timers:573:17)
    at process.processTimers (node:internal/timers:514:7)
[error] 
[error] Error: An unexpected error has occurred.
[debug] [2024-05-13T06:28:49.213Z] ----------------------------------------------------------------------
[debug] [2024-05-13T06:28:49.215Z] Command:       /usr/local/bin/node /Users/kipyegondenis/.npm-global/bin/firebase init
[debug] [2024-05-13T06:28:49.215Z] CLI Version:   13.8.3
[debug] [2024-05-13T06:28:49.215Z] Platform:      darwin
[debug] [2024-05-13T06:28:49.216Z] Node Version:  v20.12.0
[debug] [2024-05-13T06:28:49.216Z] Time:          Mon May 13 2024 09:28:49 GMT+0300 (East Africa Time)
[debug] [2024-05-13T06:28:49.216Z] ----------------------------------------------------------------------
[debug] 
[debug] [2024-05-13T06:28:49.221Z] > command requires scopes: ["email","openid","https://www.googleapis.com/auth/cloudplatformprojects.readonly","https://www.googleapis.com/auth/firebase","https://www.googleapis.com/auth/cloud-platform"]
[debug] [2024-05-13T06:28:49.221Z] > authorizing via signed-in user (denisdelaki@gmail.com)
[info] 
     ######## #### ########  ######## ########     ###     ######  ########
     ##        ##  ##     ## ##       ##     ##  ##   ##  ##       ##
     ######    ##  ########  ######   ########  #########  ######  ######
     ##        ##  ##    ##  ##       ##     ## ##     ##       ## ##
     ##       #### ##     ## ######## ########  ##     ##  ######  ########

You're about to initialize a Firebase project in this directory:

  /Users/kipyegondenis/Documents/PersonalProjects/RecipeSharingApp/src/app

[info] 
=== Project Setup
[info] 
[info] First, let's associate this project directory with a Firebase project.
[info] You can create multiple project aliases by running firebase use --add, 
[info] but for now we'll just set up a default project.
[info] 
[debug] [2024-05-13T06:29:08.018Z] >>> [apiv2][query] GET https://firebase.googleapis.com/v1beta1/projects pageSize=100
[debug] [2024-05-13T06:29:12.905Z] <<< [apiv2][status] GET https://firebase.googleapis.com/v1beta1/projects 200
[debug] [2024-05-13T06:29:12.905Z] <<< [apiv2][body] GET https://firebase.googleapis.com/v1beta1/projects [omitted]
[info] i  Using project recipesharingapp-01 (RecipeSharingApp) 
[info] 
=== Hosting Setup
[debug] [2024-05-13T06:29:19.024Z] >>> [apiv2][query] GET https://firebase.googleapis.com/v1beta1/projects/recipesharingapp-01 [none]
[debug] [2024-05-13T06:29:23.279Z] <<< [apiv2][status] GET https://firebase.googleapis.com/v1beta1/projects/recipesharingapp-01 200
[debug] [2024-05-13T06:29:23.279Z] <<< [apiv2][body] GET https://firebase.googleapis.com/v1beta1/projects/recipesharingapp-01 {"projectId":"recipesharingapp-01","projectNumber":"518171464728","displayName":"RecipeSharingApp","name":"projects/recipesharingapp-01","resources":{"hostingSite":"recipesharingapp-01"},"state":"ACTIVE","etag":"1_c76ebf45-49a1-4055-897b-7557e20b0cff"}
[info] 
[info] Your public directory is the folder (relative to your project directory) that
[info] will contain Hosting assets to be uploaded with firebase deploy. If you
[info] have a build process for your assets, use your build's output directory.
[info] 
[debug] [2024-05-13T06:29:47.207Z] >>> [apiv2][query] GET https://www.gstatic.com/firebasejs/releases.json [none]
[debug] [2024-05-13T06:29:54.831Z] <<< [apiv2][status] GET https://www.gstatic.com/firebasejs/releases.json 200
[debug] [2024-05-13T06:29:54.831Z] <<< [apiv2][body] GET https://www.gstatic.com/firebasejs/releases.json {"current":{"version":"10.11.1","browserURL":"https://www.gstatic.com/firebasejs/10.11.1/firebase.js","packageURL":"https://www.gstatic.com/firebasejs/10.11.1/firebase.tgz"},"live":{"version":"10.11","browserURL":"https://www.gstatic.com/firebasejs/live/10.11/firebase.js","packageURL":"https://www.gstatic.com/firebasejs/live/10.11/firebase.tgz"},"components":{"analytics":"https://www.gstatic.com/firebasejs/10.11.1/firebase-analytics.js","app":"https://www.gstatic.com/firebasejs/10.11.1/firebase-app.js","app-check":"https://www.gstatic.com/firebasejs/10.11.1/firebase-app-check.js","auth":"https://www.gstatic.com/firebasejs/10.11.1/firebase-auth.js","auth/cordova":"https://www.gstatic.com/firebasejs/10.11.1/firebase-auth/cordova.js","auth/web-extension":"https://www.gstatic.com/firebasejs/10.11.1/firebase-auth/web-extension.js","functions":"https://www.gstatic.com/firebasejs/10.11.1/firebase-functions.js","firestore":"https://www.gstatic.com/firebasejs/10.11.1/firebase-firestore.js","firestore/lite":"https://www.gstatic.com/firebasejs/10.11.1/firebase-firestore/lite.js","installations":"https://www.gstatic.com/firebasejs/10.11.1/firebase-installations.js","storage":"https://www.gstatic.com/firebasejs/10.11.1/firebase-storage.js","performance":"https://www.gstatic.com/firebasejs/10.11.1/firebase-performance.js","remote-config":"https://www.gstatic.com/firebasejs/10.11.1/firebase-remote-config.js","messaging":"https://www.gstatic.com/firebasejs/10.11.1/firebase-messaging.js","messaging/sw":"https://www.gstatic.com/firebasejs/10.11.1/firebase-messaging/sw.js","database":"https://www.gstatic.com/firebasejs/10.11.1/firebase-database.js","firestore.memory":"https://www.gstatic.com/firebasejs/10.11.1/firebase-firestore.memory.js"}}
[info] ✔  Wrote public/index.html 
[info] 
[info] i  Detected a .git folder at /Users/kipyegondenis/Documents/PersonalProjects/RecipeSharingApp 
[info] i  Authorizing with GitHub to upload your service account to a GitHub repository's secrets store. 
[info] 
[info] Visit this URL on this device to log in:
[info] https://github.com/login/oauth/authorize?client_id=89cf50f02ac6aaed3484&state=344374196&redirect_uri=http%3A%2F%2Flocalhost%3A9005&scope=read%3Auser%20repo%20public_repo
[info] 
[info] Waiting for authentication...
